<?xml version="1.0" encoding="UTF-8"?>
<testng-results skipped="0" failed="0" total="1" passed="1">
  <reporter-output>
  </reporter-output>
  <suite name="Default suite" duration-ms="13579" started-at="2017-05-17T04:51:10Z" finished-at="2017-05-17T04:51:23Z">
    <groups>
    </groups>
    <test name="Default test" duration-ms="13579" started-at="2017-05-17T04:51:10Z" finished-at="2017-05-17T04:51:23Z">
      <class name="test.SouHuNews">
        <test-method status="PASS" signature="beforeSuite()[pri:0, instance:test.SouHuNews@192b07fd]" name="beforeSuite" is-config="true" duration-ms="13618" started-at="2017-05-17T12:50:56Z" finished-at="2017-05-17T12:51:10Z">
          <reporter-output>
          </reporter-output>
        </test-method> <!-- beforeSuite -->
        <test-method status="PASS" signature="news()[pri:0, instance:test.SouHuNews@192b07fd]" name="news" duration-ms="13555" started-at="2017-05-17T12:51:10Z" description="新闻模块" finished-at="2017-05-17T12:51:23Z">
          <reporter-output>
          </reporter-output>
        </test-method> <!-- news -->
        <test-method status="PASS" signature="afterSuite()[pri:0, instance:test.SouHuNews@192b07fd]" name="afterSuite" is-config="true" duration-ms="2741" started-at="2017-05-17T12:51:24Z" finished-at="2017-05-17T12:51:26Z">
          <reporter-output>
          </reporter-output>
        </test-method> <!-- afterSuite -->
      </class> <!-- test.SouHuNews -->
    </test> <!-- Default test -->
  </suite> <!-- Default suite -->
</testng-results>
