<?xml version="1.0" encoding="UTF-8"?>
<testng-results skipped="0" failed="0" total="1" passed="1">
  <reporter-output>
  </reporter-output>
  <suite name="Default suite" duration-ms="12919" started-at="2017-05-23T06:30:07Z" finished-at="2017-05-23T06:30:20Z">
    <groups>
    </groups>
    <test name="Default test" duration-ms="12919" started-at="2017-05-23T06:30:07Z" finished-at="2017-05-23T06:30:20Z">
      <class name="test.SouHuNews">
        <test-method status="PASS" signature="beforeSuite()[pri:0, instance:test.SouHuNews@5ae63ade]" name="beforeSuite" is-config="true" duration-ms="15923" started-at="2017-05-23T14:29:51Z" finished-at="2017-05-23T14:30:07Z">
          <reporter-output>
          </reporter-output>
        </test-method> <!-- beforeSuite -->
        <test-method status="PASS" signature="news()[pri:0, instance:test.SouHuNews@5ae63ade]" name="news" duration-ms="12896" started-at="2017-05-23T14:30:07Z" description="新闻模块" finished-at="2017-05-23T14:30:20Z">
          <reporter-output>
          </reporter-output>
        </test-method> <!-- news -->
        <test-method status="PASS" signature="afterSuite()[pri:0, instance:test.SouHuNews@5ae63ade]" name="afterSuite" is-config="true" duration-ms="2690" started-at="2017-05-23T14:30:20Z" finished-at="2017-05-23T14:30:23Z">
          <reporter-output>
          </reporter-output>
        </test-method> <!-- afterSuite -->
      </class> <!-- test.SouHuNews -->
    </test> <!-- Default test -->
  </suite> <!-- Default suite -->
</testng-results>
